<?xml version="1.0" encoding="UTF-8"?>
<!-- Generated by org.testng.reporters.JUnitXMLReporter -->
<testsuite ignored="0" hostname="1MG-LPTP-260" failures="0" tests="3" name="Test Login" time="23.344" errors="0" timestamp="17 Jun 2018 15:18:03 GMT">
  <testcase classname="tests.TestLogin" name="verifyLogin" time="2.362"/>
  <testcase classname="tests.TestLogin" name="verifyLogin" time="3.594"/>
  <testcase classname="tests.TestLogin" name="verifyLogout" time="1.379"/>
</testsuite> <!-- Test Login -->
