<?xml version="1.0" encoding="UTF-8"?>
<!-- Generated by org.testng.reporters.JUnitXMLReporter -->
<testsuite ignored="6" hostname="1MG-LPTP-260" failures="0" tests="6" name="Test" time="32.177" errors="0" timestamp="16 Jun 2018 15:13:05 GMT">
  <testcase classname="tests.TestTaskComplete" name="@BeforeClass login" time="0.001">
    <failure type="java.lang.NullPointerException">
      <![CDATA[java.lang.NullPointerException
at tests.TestTaskComplete.login(TestTaskComplete.java:19)
... Removed 26 stack frames]]>
    </failure>
  </testcase> <!-- @BeforeClass login -->
  <testcase classname="baseTests.BaseClass" name="@BeforeMethod createReportLogger" time="0.0">
    <skipped/>
  </testcase> <!-- @BeforeMethod createReportLogger -->
  <testcase classname="baseTests.BaseClass" name="@AfterMethod captureStatus" time="0.0">
    <skipped/>
  </testcase> <!-- @AfterMethod captureStatus -->
  <testcase classname="baseTests.BaseClass" name="@BeforeMethod createReportLogger" time="0.0">
    <skipped/>
  </testcase> <!-- @BeforeMethod createReportLogger -->
  <testcase classname="baseTests.BaseClass" name="@AfterMethod captureStatus" time="0.0">
    <skipped/>
  </testcase> <!-- @AfterMethod captureStatus -->
  <testcase classname="baseTests.BaseClass" name="@BeforeMethod createReportLogger" time="0.0">
    <skipped/>
  </testcase> <!-- @BeforeMethod createReportLogger -->
  <testcase classname="baseTests.BaseClass" name="@AfterMethod captureStatus" time="0.0">
    <skipped/>
  </testcase> <!-- @AfterMethod captureStatus -->
  <testcase classname="baseTests.BaseClass" name="@BeforeMethod createReportLogger" time="0.0">
    <skipped/>
  </testcase> <!-- @BeforeMethod createReportLogger -->
  <testcase classname="baseTests.BaseClass" name="@AfterMethod captureStatus" time="0.0">
    <skipped/>
  </testcase> <!-- @AfterMethod captureStatus -->
  <testcase classname="baseTests.BaseClass" name="@AfterTest tearDown" time="0.0">
    <skipped/>
  </testcase> <!-- @AfterTest tearDown -->
  <testcase classname="tests.TestCheckProfile" name="checkAccountLock" time="4.865"/>
  <testcase classname="tests.TestLogin" name="verifyLogin" time="0.0">
    <skipped/>
  </testcase> <!-- verifyLogin -->
  <testcase classname="tests.TestTaskComplete" name="createTask" time="0.0">
    <skipped/>
  </testcase> <!-- createTask -->
  <testcase classname="tests.TestCheckProfile" name="verifyProfilePage" time="0.0">
    <skipped/>
  </testcase> <!-- verifyProfilePage -->
  <testcase classname="tests.TestLogin" name="verifyLogout" time="0.0">
    <skipped/>
  </testcase> <!-- verifyLogout -->
  <testcase classname="tests.TestTaskComplete" name="completeTask" time="0.0">
    <skipped/>
  </testcase> <!-- completeTask -->
  <testcase classname="baseTests.BaseClass" name="@BeforeTest setupBrowser" time="0.0">
    <ignored/>
  </testcase> <!-- @BeforeTest setupBrowser -->
  <testcase classname="baseTests.BaseClass" name="@BeforeTest setupBrowser" time="0.0">
    <ignored/>
  </testcase> <!-- @BeforeTest setupBrowser -->
  <testcase classname="baseTests.BaseClass" name="@AfterTest tearDown" time="0.0">
    <ignored/>
  </testcase> <!-- @AfterTest tearDown -->
  <testcase classname="baseTests.BaseClass" name="@AfterTest tearDown" time="0.0">
    <ignored/>
  </testcase> <!-- @AfterTest tearDown -->
  <testcase classname="baseTests.BaseClass" name="@BeforeSuite setupExtentReports" time="0.0">
    <ignored/>
  </testcase> <!-- @BeforeSuite setupExtentReports -->
  <testcase classname="baseTests.BaseClass" name="@BeforeSuite setupExtentReports" time="0.0">
    <ignored/>
  </testcase> <!-- @BeforeSuite setupExtentReports -->
</testsuite> <!-- Test -->
