<?xml version="1.0" encoding="UTF-8"?>
<testng-results ignored="0" total="7" passed="7" failed="0" skipped="0">
  <reporter-output>
  </reporter-output>
  <suite started-at="2018-06-17T15:10:50Z" name="Instafin Test Suite" finished-at="2018-06-17T15:12:19Z" duration-ms="89583">
    <groups>
    </groups>
    <test started-at="2018-06-17T15:10:50Z" name="Test Task" finished-at="2018-06-17T15:11:24Z" duration-ms="34654">
      <class name="tests.TestTaskComplete">
        <test-method is-config="true" signature="setupBrowser()[pri:0, instance:tests.TestTaskComplete@689604d9]" started-at="2018-06-17T15:10:50Z" name="setupBrowser" finished-at="2018-06-17T15:11:06Z" duration-ms="15901" status="PASS">
          <reporter-output>
          </reporter-output>
        </test-method> <!-- setupBrowser -->
        <test-method is-config="true" signature="login()[pri:0, instance:tests.TestTaskComplete@689604d9]" started-at="2018-06-17T15:11:06Z" name="login" finished-at="2018-06-17T15:11:11Z" duration-ms="5238" status="PASS">
          <reporter-output>
          </reporter-output>
        </test-method> <!-- login -->
        <test-method is-config="true" signature="createReportLogger(java.lang.reflect.Method)[pri:0, instance:tests.TestTaskComplete@689604d9]" started-at="2018-06-17T15:11:11Z" name="createReportLogger" finished-at="2018-06-17T15:11:11Z" duration-ms="8" status="PASS">
          <params>
            <param index="0">
              <value>
                <![CDATA[public void tests.TestTaskComplete.createTask()]]>
              </value>
            </param>
          </params>
          <reporter-output>
          </reporter-output>
        </test-method> <!-- createReportLogger -->
        <test-method signature="createTask()[pri:1, instance:tests.TestTaskComplete@689604d9]" started-at="2018-06-17T15:11:11Z" name="createTask" finished-at="2018-06-17T15:11:17Z" duration-ms="5989" status="PASS">
          <reporter-output>
          </reporter-output>
        </test-method> <!-- createTask -->
        <test-method is-config="true" signature="captureStatus(org.testng.ITestResult)[pri:0, instance:tests.TestTaskComplete@689604d9]" started-at="2018-06-17T15:11:17Z" name="captureStatus" finished-at="2018-06-17T15:11:17Z" duration-ms="0" status="PASS">
          <params>
            <param index="0">
              <value>
                <![CDATA[[TestResult name=createTask status=SUCCESS method=TestTaskComplete.createTask()[pri:1, instance:tests.TestTaskComplete@689604d9] output={null}]]]>
              </value>
            </param>
          </params>
          <reporter-output>
          </reporter-output>
        </test-method> <!-- captureStatus -->
        <test-method is-config="true" signature="createReportLogger(java.lang.reflect.Method)[pri:0, instance:tests.TestTaskComplete@689604d9]" started-at="2018-06-17T15:11:17Z" name="createReportLogger" finished-at="2018-06-17T15:11:17Z" duration-ms="0" status="PASS">
          <params>
            <param index="0">
              <value>
                <![CDATA[public void tests.TestTaskComplete.completeTask()]]>
              </value>
            </param>
          </params>
          <reporter-output>
          </reporter-output>
        </test-method> <!-- createReportLogger -->
        <test-method signature="completeTask()[pri:2, instance:tests.TestTaskComplete@689604d9]" started-at="2018-06-17T15:11:17Z" name="completeTask" finished-at="2018-06-17T15:11:22Z" duration-ms="5486" status="PASS">
          <reporter-output>
          </reporter-output>
        </test-method> <!-- completeTask -->
        <test-method is-config="true" signature="captureStatus(org.testng.ITestResult)[pri:0, instance:tests.TestTaskComplete@689604d9]" started-at="2018-06-17T15:11:22Z" name="captureStatus" finished-at="2018-06-17T15:11:22Z" duration-ms="4" status="PASS">
          <params>
            <param index="0">
              <value>
                <![CDATA[[TestResult name=completeTask status=SUCCESS method=TestTaskComplete.completeTask()[pri:2, instance:tests.TestTaskComplete@689604d9] output={null}]]]>
              </value>
            </param>
          </params>
          <reporter-output>
          </reporter-output>
        </test-method> <!-- captureStatus -->
        <test-method is-config="true" signature="tearDown()[pri:0, instance:tests.TestTaskComplete@689604d9]" started-at="2018-06-17T15:11:22Z" name="tearDown" finished-at="2018-06-17T15:11:24Z" duration-ms="1987" status="PASS">
          <reporter-output>
          </reporter-output>
        </test-method> <!-- tearDown -->
      </class> <!-- tests.TestTaskComplete -->
    </test> <!-- Test Task -->
    <test started-at="2018-06-17T15:11:24Z" name="Test Login" finished-at="2018-06-17T15:11:55Z" duration-ms="30973">
      <class name="tests.TestLogin">
        <test-method is-config="true" signature="setupBrowser()[pri:0, instance:tests.TestLogin@6771beb3]" started-at="2018-06-17T15:11:24Z" name="setupBrowser" finished-at="2018-06-17T15:11:45Z" duration-ms="20835" status="PASS">
          <reporter-output>
          </reporter-output>
        </test-method> <!-- setupBrowser -->
        <test-method signature="verifyLogin(java.lang.String, java.lang.String)[pri:1, instance:tests.TestLogin@6771beb3]" started-at="2018-06-17T15:11:46Z" name="verifyLogin" data-provider="credentials" finished-at="2018-06-17T15:11:49Z" duration-ms="2822" status="PASS">
          <params>
            <param index="0">
              <value>
                <![CDATA[deepanshutest]]>
              </value>
            </param>
            <param index="1">
              <value>
                <![CDATA[sasdasd]]>
              </value>
            </param>
          </params>
          <reporter-output>
          </reporter-output>
        </test-method> <!-- verifyLogin -->
        <test-method is-config="true" signature="createReportLogger(java.lang.reflect.Method)[pri:0, instance:tests.TestLogin@6771beb3]" started-at="2018-06-17T15:11:46Z" name="createReportLogger" finished-at="2018-06-17T15:11:46Z" duration-ms="0" status="PASS">
          <params>
            <param index="0">
              <value>
                <![CDATA[public void tests.TestLogin.verifyLogin(java.lang.String,java.lang.String)]]>
              </value>
            </param>
          </params>
          <reporter-output>
          </reporter-output>
        </test-method> <!-- createReportLogger -->
        <test-method is-config="true" signature="createReportLogger(java.lang.reflect.Method)[pri:0, instance:tests.TestLogin@6771beb3]" started-at="2018-06-17T15:11:49Z" name="createReportLogger" finished-at="2018-06-17T15:11:49Z" duration-ms="0" status="PASS">
          <params>
            <param index="0">
              <value>
                <![CDATA[public void tests.TestLogin.verifyLogin(java.lang.String,java.lang.String)]]>
              </value>
            </param>
          </params>
          <reporter-output>
          </reporter-output>
        </test-method> <!-- createReportLogger -->
        <test-method is-config="true" signature="captureStatus(org.testng.ITestResult)[pri:0, instance:tests.TestLogin@6771beb3]" started-at="2018-06-17T15:11:49Z" name="captureStatus" finished-at="2018-06-17T15:11:49Z" duration-ms="0" status="PASS">
          <params>
            <param index="0">
              <value>
                <![CDATA[[TestResult name=verifyLogin status=SUCCESS method=TestLogin.verifyLogin(java.lang.String, java.lang.String)[pri:1, instance:tests.TestLogin@6771beb3] output={null}]]]>
              </value>
            </param>
          </params>
          <reporter-output>
          </reporter-output>
        </test-method> <!-- captureStatus -->
        <test-method signature="verifyLogin(java.lang.String, java.lang.String)[pri:1, instance:tests.TestLogin@6771beb3]" started-at="2018-06-17T15:11:49Z" name="verifyLogin" data-provider="credentials" finished-at="2018-06-17T15:11:53Z" duration-ms="3763" status="PASS">
          <params>
            <param index="0">
              <value>
                <![CDATA[deepanshutest]]>
              </value>
            </param>
            <param index="1">
              <value>
                <![CDATA[admin123]]>
              </value>
            </param>
          </params>
          <reporter-output>
          </reporter-output>
        </test-method> <!-- verifyLogin -->
        <test-method is-config="true" signature="captureStatus(org.testng.ITestResult)[pri:0, instance:tests.TestLogin@6771beb3]" started-at="2018-06-17T15:11:53Z" name="captureStatus" finished-at="2018-06-17T15:11:53Z" duration-ms="4" status="PASS">
          <params>
            <param index="0">
              <value>
                <![CDATA[[TestResult name=verifyLogin status=SUCCESS method=TestLogin.verifyLogin(java.lang.String, java.lang.String)[pri:1, instance:tests.TestLogin@6771beb3] output={null}]]]>
              </value>
            </param>
          </params>
          <reporter-output>
          </reporter-output>
        </test-method> <!-- captureStatus -->
        <test-method signature="verifyLogout()[pri:2, instance:tests.TestLogin@6771beb3]" started-at="2018-06-17T15:11:53Z" name="verifyLogout" finished-at="2018-06-17T15:11:54Z" duration-ms="1550" status="PASS">
          <reporter-output>
          </reporter-output>
        </test-method> <!-- verifyLogout -->
        <test-method is-config="true" signature="createReportLogger(java.lang.reflect.Method)[pri:0, instance:tests.TestLogin@6771beb3]" started-at="2018-06-17T15:11:53Z" name="createReportLogger" finished-at="2018-06-17T15:11:53Z" duration-ms="0" status="PASS">
          <params>
            <param index="0">
              <value>
                <![CDATA[public void tests.TestLogin.verifyLogout()]]>
              </value>
            </param>
          </params>
          <reporter-output>
          </reporter-output>
        </test-method> <!-- createReportLogger -->
        <test-method is-config="true" signature="captureStatus(org.testng.ITestResult)[pri:0, instance:tests.TestLogin@6771beb3]" started-at="2018-06-17T15:11:54Z" name="captureStatus" finished-at="2018-06-17T15:11:54Z" duration-ms="0" status="PASS">
          <params>
            <param index="0">
              <value>
                <![CDATA[[TestResult name=verifyLogout status=SUCCESS method=TestLogin.verifyLogout()[pri:2, instance:tests.TestLogin@6771beb3] output={null}]]]>
              </value>
            </param>
          </params>
          <reporter-output>
          </reporter-output>
        </test-method> <!-- captureStatus -->
        <test-method is-config="true" signature="tearDown()[pri:0, instance:tests.TestLogin@6771beb3]" started-at="2018-06-17T15:11:54Z" name="tearDown" finished-at="2018-06-17T15:11:55Z" duration-ms="986" status="PASS">
          <reporter-output>
          </reporter-output>
        </test-method> <!-- tearDown -->
      </class> <!-- tests.TestLogin -->
    </test> <!-- Test Login -->
    <test started-at="2018-06-17T15:11:55Z" name="Test ProfileAndLock" finished-at="2018-06-17T15:12:19Z" duration-ms="23864">
      <class name="tests.TestProfileAndLock">
        <test-method is-config="true" signature="setupExtentReports()[pri:0, instance:tests.TestProfileAndLock@62379589]" started-at="2018-06-17T15:10:49Z" name="setupExtentReports" finished-at="2018-06-17T15:10:50Z" duration-ms="526" status="PASS">
          <reporter-output>
          </reporter-output>
        </test-method> <!-- setupExtentReports -->
        <test-method is-config="true" signature="setupBrowser()[pri:0, instance:tests.TestProfileAndLock@62379589]" started-at="2018-06-17T15:11:55Z" name="setupBrowser" finished-at="2018-06-17T15:12:08Z" duration-ms="12560" status="PASS">
          <reporter-output>
          </reporter-output>
        </test-method> <!-- setupBrowser -->
        <test-method is-config="true" signature="verifyLogin()[pri:0, instance:tests.TestProfileAndLock@62379589]" started-at="2018-06-17T15:12:08Z" name="verifyLogin" finished-at="2018-06-17T15:12:13Z" duration-ms="4894" status="PASS">
          <reporter-output>
          </reporter-output>
        </test-method> <!-- verifyLogin -->
        <test-method signature="checkAccountLock()[pri:1, instance:tests.TestProfileAndLock@62379589]" started-at="2018-06-17T15:12:13Z" name="checkAccountLock" finished-at="2018-06-17T15:12:16Z" duration-ms="3146" status="PASS">
          <reporter-output>
          </reporter-output>
        </test-method> <!-- checkAccountLock -->
        <test-method is-config="true" signature="createReportLogger(java.lang.reflect.Method)[pri:0, instance:tests.TestProfileAndLock@62379589]" started-at="2018-06-17T15:12:13Z" name="createReportLogger" finished-at="2018-06-17T15:12:13Z" duration-ms="0" status="PASS">
          <params>
            <param index="0">
              <value>
                <![CDATA[public void tests.TestProfileAndLock.checkAccountLock()]]>
              </value>
            </param>
          </params>
          <reporter-output>
          </reporter-output>
        </test-method> <!-- createReportLogger -->
        <test-method signature="verifyProfilePage()[pri:2, instance:tests.TestProfileAndLock@62379589]" started-at="2018-06-17T15:12:16Z" name="verifyProfilePage" finished-at="2018-06-17T15:12:18Z" duration-ms="1683" status="PASS">
          <reporter-output>
          </reporter-output>
        </test-method> <!-- verifyProfilePage -->
        <test-method is-config="true" signature="createReportLogger(java.lang.reflect.Method)[pri:0, instance:tests.TestProfileAndLock@62379589]" started-at="2018-06-17T15:12:16Z" name="createReportLogger" finished-at="2018-06-17T15:12:16Z" duration-ms="0" status="PASS">
          <params>
            <param index="0">
              <value>
                <![CDATA[public void tests.TestProfileAndLock.verifyProfilePage()]]>
              </value>
            </param>
          </params>
          <reporter-output>
          </reporter-output>
        </test-method> <!-- createReportLogger -->
        <test-method is-config="true" signature="captureStatus(org.testng.ITestResult)[pri:0, instance:tests.TestProfileAndLock@62379589]" started-at="2018-06-17T15:12:16Z" name="captureStatus" finished-at="2018-06-17T15:12:16Z" duration-ms="0" status="PASS">
          <params>
            <param index="0">
              <value>
                <![CDATA[[TestResult name=checkAccountLock status=SUCCESS method=TestProfileAndLock.checkAccountLock()[pri:1, instance:tests.TestProfileAndLock@62379589] output={null}]]]>
              </value>
            </param>
          </params>
          <reporter-output>
          </reporter-output>
        </test-method> <!-- captureStatus -->
        <test-method is-config="true" signature="captureStatus(org.testng.ITestResult)[pri:0, instance:tests.TestProfileAndLock@62379589]" started-at="2018-06-17T15:12:18Z" name="captureStatus" finished-at="2018-06-17T15:12:18Z" duration-ms="4" status="PASS">
          <params>
            <param index="0">
              <value>
                <![CDATA[[TestResult name=verifyProfilePage status=SUCCESS method=TestProfileAndLock.verifyProfilePage()[pri:2, instance:tests.TestProfileAndLock@62379589] output={null}]]]>
              </value>
            </param>
          </params>
          <reporter-output>
          </reporter-output>
        </test-method> <!-- captureStatus -->
        <test-method is-config="true" signature="tearDown()[pri:0, instance:tests.TestProfileAndLock@62379589]" started-at="2018-06-17T15:12:18Z" name="tearDown" finished-at="2018-06-17T15:12:19Z" duration-ms="1577" status="PASS">
          <reporter-output>
          </reporter-output>
        </test-method> <!-- tearDown -->
      </class> <!-- tests.TestProfileAndLock -->
    </test> <!-- Test ProfileAndLock -->
  </suite> <!-- Instafin Test Suite -->
</testng-results>
